<?xml version="1.0" encoding="UTF-8"?>
<testng-results ignored="2" total="2" passed="0" failed="0" skipped="0">
  <reporter-output>
  </reporter-output>
  <suite started-at="2024-03-12T11:43:54 MDT" name="Failed suite [Failed suite [Failed suite [TestNg Amazon]]]" finished-at="2024-03-12T11:43:54 MDT" duration-ms="17">
    <groups>
    </groups>
    <test started-at="2024-03-12T11:43:54 MDT" name="Regression(failed)(failed)(failed)" finished-at="2024-03-12T11:43:54 MDT" duration-ms="17">
    </test> <!-- Regression(failed)(failed)(failed) -->
  </suite> <!-- Failed suite [Failed suite [Failed suite [TestNg Amazon]]] -->
</testng-results>
