<?xml version="1.0" encoding="UTF-8"?>
<!-- Generated by org.testng.reporters.JUnitXMLReporter -->
<testsuite ignored="1" hostname="Jatinder" failures="1" tests="1" name="Regression(failed)(failed)" time="25.738" errors="0" timestamp="2024-03-12T11:42:25 MDT">
  <testcase classname="amazonST.Testsearch" name="count" time="8.97">
    <failure type="java.lang.AssertionError" message="expected [60 products] but found [1-48 of over 50,000 results for]">
      <![CDATA[java.lang.AssertionError: expected [60 products] but found [1-48 of over 50,000 results for]
at amazonST.Testsearch.count(Testsearch.java:33)
at java.base/java.util.ArrayList.forEach(ArrayList.java:1596)
... Removed 31 stack frames]]>
    </failure>
  </testcase> <!-- count -->
  <testcase classname="amazonST.Testsearch" name="validdata" time="0.0">
    <ignored/>
  </testcase> <!-- validdata -->
</testsuite> <!-- Regression(failed)(failed) -->
